<?xml version="1.0" encoding="UTF-8"?>
<testsuite name="org.dell.kube.pagesapi.PageApiTest" tests="2" skipped="0" failures="0" errors="0" timestamp="2020-06-09T20:56:51" hostname="INMKJAGADDL2C" time="0.965">
  <properties/>
  <testcase name="readTest()" classname="org.dell.kube.pagesapi.PageApiTest" time="0.792"/>
  <testcase name="healthTest()" classname="org.dell.kube.pagesapi.PageApiTest" time="0.172"/>
  <system-out><![CDATA[02:26:36.390 [Test worker] DEBUG org.springframework.test.context.BootstrapUtils - Instantiating CacheAwareContextLoaderDelegate from class [org.springframework.test.context.cache.DefaultCacheAwareContextLoaderDelegate]
02:26:36.421 [Test worker] DEBUG org.springframework.test.context.BootstrapUtils - Instantiating BootstrapContext using constructor [public org.springframework.test.context.support.DefaultBootstrapContext(java.lang.Class,org.springframework.test.context.CacheAwareContextLoaderDelegate)]
02:26:36.466 [Test worker] DEBUG org.springframework.test.context.BootstrapUtils - Instantiating TestContextBootstrapper for test class [org.dell.kube.pagesapi.PageApiTest] from class [org.springframework.boot.test.context.SpringBootTestContextBootstrapper]
02:26:36.505 [Test worker] INFO org.springframework.boot.test.context.SpringBootTestContextBootstrapper - Neither @ContextConfiguration nor @ContextHierarchy found for test class [org.dell.kube.pagesapi.PageApiTest], using SpringBootContextLoader
02:26:36.513 [Test worker] DEBUG org.springframework.test.context.support.AbstractContextLoader - Did not detect default resource location for test class [org.dell.kube.pagesapi.PageApiTest]: class path resource [org/dell/kube/pagesapi/PageApiTest-context.xml] does not exist
02:26:36.515 [Test worker] DEBUG org.springframework.test.context.support.AbstractContextLoader - Did not detect default resource location for test class [org.dell.kube.pagesapi.PageApiTest]: class path resource [org/dell/kube/pagesapi/PageApiTestContext.groovy] does not exist
02:26:36.516 [Test worker] INFO org.springframework.test.context.support.AbstractContextLoader - Could not detect default resource locations for test class [org.dell.kube.pagesapi.PageApiTest]: no resource found for suffixes {-context.xml, Context.groovy}.
02:26:36.612 [Test worker] DEBUG org.springframework.test.context.support.ActiveProfilesUtils - Could not find an 'annotation declaring class' for annotation type [org.springframework.test.context.ActiveProfiles] and class [org.dell.kube.pagesapi.PageApiTest]
02:26:36.851 [Test worker] DEBUG org.springframework.boot.test.context.SpringBootTestContextBootstrapper - @TestExecutionListeners is not present for class [org.dell.kube.pagesapi.PageApiTest]: using defaults.
02:26:36.852 [Test worker] INFO org.springframework.boot.test.context.SpringBootTestContextBootstrapper - Loaded default TestExecutionListener class names from location [META-INF/spring.factories]: [org.springframework.boot.test.autoconfigure.restdocs.RestDocsTestExecutionListener, org.springframework.boot.test.autoconfigure.web.client.MockRestServiceServerResetTestExecutionListener, org.springframework.boot.test.autoconfigure.web.servlet.MockMvcPrintOnlyOnFailureTestExecutionListener, org.springframework.boot.test.autoconfigure.web.servlet.WebDriverTestExecutionListener, org.springframework.boot.test.autoconfigure.webservices.client.MockWebServiceServerTestExecutionListener, org.springframework.boot.test.mock.mockito.MockitoTestExecutionListener, org.springframework.boot.test.mock.mockito.ResetMocksTestExecutionListener, org.springframework.test.context.web.ServletTestExecutionListener, org.springframework.test.context.support.DirtiesContextBeforeModesTestExecutionListener, org.springframework.test.context.support.DependencyInjectionTestExecutionListener, org.springframework.test.context.support.DirtiesContextTestExecutionListener, org.springframework.test.context.transaction.TransactionalTestExecutionListener, org.springframework.test.context.jdbc.SqlScriptsTestExecutionListener, org.springframework.test.context.event.EventPublishingTestExecutionListener]
02:26:36.887 [Test worker] INFO org.springframework.boot.test.context.SpringBootTestContextBootstrapper - Using TestExecutionListeners: [org.springframework.test.context.web.ServletTestExecutionListener@b532119, org.springframework.test.context.support.DirtiesContextBeforeModesTestExecutionListener@4db725db, org.springframework.boot.test.mock.mockito.MockitoTestExecutionListener@5821f4eb, org.springframework.boot.test.autoconfigure.SpringBootDependencyInjectionTestExecutionListener@4489fce4, org.springframework.test.context.support.DirtiesContextTestExecutionListener@56405685, org.springframework.test.context.transaction.TransactionalTestExecutionListener@22ad386b, org.springframework.test.context.jdbc.SqlScriptsTestExecutionListener@757c1679, org.springframework.test.context.event.EventPublishingTestExecutionListener@7e99aaee, org.springframework.boot.test.autoconfigure.restdocs.RestDocsTestExecutionListener@2a393fc6, org.springframework.boot.test.autoconfigure.web.client.MockRestServiceServerResetTestExecutionListener@611c248a, org.springframework.boot.test.autoconfigure.web.servlet.MockMvcPrintOnlyOnFailureTestExecutionListener@7446290e, org.springframework.boot.test.autoconfigure.web.servlet.WebDriverTestExecutionListener@47bb33b2, org.springframework.boot.test.autoconfigure.webservices.client.MockWebServiceServerTestExecutionListener@241ff38c, org.springframework.boot.test.mock.mockito.ResetMocksTestExecutionListener@2427bbf1]
02:26:36.895 [Test worker] DEBUG org.springframework.test.context.support.AbstractDirtiesContextTestExecutionListener - Before test class: context [DefaultTestContext@4ae57239 testClass = PageApiTest, testInstance = [null], testMethod = [null], testException = [null], mergedContextConfiguration = [WebMergedContextConfiguration@623e34a2 testClass = PageApiTest, locations = '{}', classes = '{class org.dell.kube.pages.PageApplication, class org.dell.kube.pages.PageApplication}', contextInitializerClasses = '[]', activeProfiles = '{}', propertySourceLocations = '{}', propertySourceProperties = '{org.springframework.boot.test.context.SpringBootTestContextBootstrapper=true, server.port=0}', contextCustomizers = set[org.springframework.boot.test.autoconfigure.properties.PropertyMappingContextCustomizer@0, org.springframework.boot.test.autoconfigure.web.servlet.WebDriverContextCustomizerFactory$Customizer@544f896b, org.springframework.boot.test.context.filter.ExcludeFilterContextCustomizer@21742a86, org.springframework.boot.test.json.DuplicateJsonObjectContextCustomizerFactory$DuplicateJsonObjectContextCustomizer@3831077e, org.springframework.boot.test.mock.mockito.MockitoContextCustomizer@0, org.springframework.boot.test.web.client.TestRestTemplateContextCustomizer@3f44aae, org.springframework.boot.test.context.SpringBootTestArgs@1], resourceBasePath = 'src/main/webapp', contextLoader = 'org.springframework.boot.test.context.SpringBootContextLoader', parent = [null]], attributes = map['org.springframework.test.context.web.ServletTestExecutionListener.activateListener' -> false]], class annotated with @DirtiesContext [false] with mode [null].
02:26:36.910 [Test worker] DEBUG org.springframework.test.context.support.DependencyInjectionTestExecutionListener - Performing dependency injection for test context [[DefaultTestContext@4ae57239 testClass = PageApiTest, testInstance = org.dell.kube.pagesapi.PageApiTest@5e55f64a, testMethod = [null], testException = [null], mergedContextConfiguration = [WebMergedContextConfiguration@623e34a2 testClass = PageApiTest, locations = '{}', classes = '{class org.dell.kube.pages.PageApplication, class org.dell.kube.pages.PageApplication}', contextInitializerClasses = '[]', activeProfiles = '{}', propertySourceLocations = '{}', propertySourceProperties = '{org.springframework.boot.test.context.SpringBootTestContextBootstrapper=true, server.port=0}', contextCustomizers = set[org.springframework.boot.test.autoconfigure.properties.PropertyMappingContextCustomizer@0, org.springframework.boot.test.autoconfigure.web.servlet.WebDriverContextCustomizerFactory$Customizer@544f896b, org.springframework.boot.test.context.filter.ExcludeFilterContextCustomizer@21742a86, org.springframework.boot.test.json.DuplicateJsonObjectContextCustomizerFactory$DuplicateJsonObjectContextCustomizer@3831077e, org.springframework.boot.test.mock.mockito.MockitoContextCustomizer@0, org.springframework.boot.test.web.client.TestRestTemplateContextCustomizer@3f44aae, org.springframework.boot.test.context.SpringBootTestArgs@1], resourceBasePath = 'src/main/webapp', contextLoader = 'org.springframework.boot.test.context.SpringBootContextLoader', parent = [null]], attributes = map['org.springframework.test.context.web.ServletTestExecutionListener.activateListener' -> false]]].
02:26:36.967 [Test worker] DEBUG org.springframework.test.context.support.TestPropertySourceUtils - Adding inlined properties to environment: {spring.jmx.enabled=false, org.springframework.boot.test.context.SpringBootTestContextBootstrapper=true, server.port=0}

  .   ____          _            __ _ _
 /\\ / ___'_ __ _ _(_)_ __  __ _ \ \ \ \
( ( )\___ | '_ | '_| | '_ \/ _` | \ \ \ \
 \\/  ___)| |_)| | | | | || (_| |  ) ) ) )
  '  |____| .__|_| |_|_| |_\__, | / / / /
 =========|_|==============|___/=/_/_/_/
 :: Spring Boot ::        (v2.3.0.RELEASE)

2020-06-10 02:26:37.862  INFO 40212 --- [    Test worker] org.dell.kube.pagesapi.PageApiTest       : Starting PageApiTest on INMKJAGADDL2C with PID 40212 (started by jagadd in C:\WorkSpace\Kates\workshop\pages-workspace\pages)
2020-06-10 02:26:37.865  INFO 40212 --- [    Test worker] org.dell.kube.pagesapi.PageApiTest       : No active profile set, falling back to default profiles: default
2020-06-10 02:26:39.599  INFO 40212 --- [    Test worker] .s.d.r.c.RepositoryConfigurationDelegate : Bootstrapping Spring Data JPA repositories in DEFAULT mode.
2020-06-10 02:26:39.682  INFO 40212 --- [    Test worker] .s.d.r.c.RepositoryConfigurationDelegate : Finished Spring Data repository scanning in 70ms. Found 1 JPA repository interfaces.
2020-06-10 02:26:42.299  INFO 40212 --- [    Test worker] o.s.b.w.embedded.tomcat.TomcatWebServer  : Tomcat initialized with port(s): 0 (http)
2020-06-10 02:26:42.345  INFO 40212 --- [    Test worker] o.apache.catalina.core.StandardService   : Starting service [Tomcat]
2020-06-10 02:26:42.346  INFO 40212 --- [    Test worker] org.apache.catalina.core.StandardEngine  : Starting Servlet engine: [Apache Tomcat/9.0.35]
2020-06-10 02:26:43.416  INFO 40212 --- [    Test worker] o.a.c.c.C.[Tomcat].[localhost].[/]       : Initializing Spring embedded WebApplicationContext
2020-06-10 02:26:43.417  INFO 40212 --- [    Test worker] o.s.web.context.ContextLoader            : Root WebApplicationContext: initialization completed in 5515 ms
2020-06-10 02:26:45.603  INFO 40212 --- [    Test worker] o.hibernate.jpa.internal.util.LogHelper  : HHH000204: Processing PersistenceUnitInfo [name: default]
2020-06-10 02:26:45.833  INFO 40212 --- [    Test worker] org.hibernate.Version                    : HHH000412: Hibernate ORM core version 5.4.15.Final
2020-06-10 02:26:46.328  INFO 40212 --- [    Test worker] o.hibernate.annotations.common.Version   : HCANN000001: Hibernate Commons Annotations {5.1.0.Final}
2020-06-10 02:26:46.720  INFO 40212 --- [    Test worker] com.zaxxer.hikari.HikariDataSource       : HikariPool-1 - Starting...
2020-06-10 02:26:47.074  INFO 40212 --- [    Test worker] com.zaxxer.hikari.HikariDataSource       : HikariPool-1 - Start completed.
2020-06-10 02:26:47.107  INFO 40212 --- [    Test worker] org.hibernate.dialect.Dialect            : HHH000400: Using dialect: org.hibernate.dialect.MySQL5Dialect
Hibernate: drop table if exists hibernate_sequence
Hibernate: drop table if exists pages
Hibernate: create table hibernate_sequence (next_val bigint) engine=MyISAM
Hibernate: insert into hibernate_sequence values ( 1 )
Hibernate: create table pages (id bigint not null, address varchar(255), business varchar(255), category_id bigint, contact_no varchar(255), content varchar(255), primary key (id)) engine=MyISAM
2020-06-10 02:26:48.668  INFO 40212 --- [    Test worker] o.h.e.t.j.p.i.JtaPlatformInitiator       : HHH000490: Using JtaPlatform implementation: [org.hibernate.engine.transaction.jta.platform.internal.NoJtaPlatform]
2020-06-10 02:26:48.680  INFO 40212 --- [    Test worker] j.LocalContainerEntityManagerFactoryBean : Initialized JPA EntityManagerFactory for persistence unit 'default'
2020-06-10 02:26:49.394  WARN 40212 --- [    Test worker] JpaBaseConfiguration$JpaWebConfiguration : spring.jpa.open-in-view is enabled by default. Therefore, database queries may be performed during view rendering. Explicitly configure spring.jpa.open-in-view to disable this warning
2020-06-10 02:26:50.109  INFO 40212 --- [    Test worker] o.s.s.concurrent.ThreadPoolTaskExecutor  : Initializing ExecutorService 'applicationTaskExecutor'
2020-06-10 02:26:51.470  INFO 40212 --- [    Test worker] o.s.b.a.e.web.EndpointLinksResolver      : Exposing 2 endpoint(s) beneath base path '/actuator'
2020-06-10 02:26:51.689  INFO 40212 --- [    Test worker] o.s.b.w.embedded.tomcat.TomcatWebServer  : Tomcat started on port(s): 57390 (http) with context path ''
2020-06-10 02:26:51.712  INFO 40212 --- [    Test worker] org.dell.kube.pagesapi.PageApiTest       : Started PageApiTest in 14.737 seconds (JVM running for 17.515)
2020-06-10 02:26:52.407  INFO 40212 --- [o-auto-1-exec-1] o.a.c.c.C.[Tomcat].[localhost].[/]       : Initializing Spring DispatcherServlet 'dispatcherServlet'
2020-06-10 02:26:52.408  INFO 40212 --- [o-auto-1-exec-1] o.s.web.servlet.DispatcherServlet        : Initializing Servlet 'dispatcherServlet'
2020-06-10 02:26:52.465  INFO 40212 --- [o-auto-1-exec-1] o.s.web.servlet.DispatcherServlet        : Completed initialization in 55 ms
]]></system-out>
  <system-err><![CDATA[]]></system-err>
</testsuite>
