<?xml version="1.0" encoding="UTF-8"?>
<testsuite name="org.dell.kube.pagesapi.PageApiTest" tests="2" skipped="0" failures="0" errors="0" timestamp="2020-06-03T08:08:26" hostname="INMKRANGAS1L2C" time="1.804">
  <properties/>
  <testcase name="readTest()" classname="org.dell.kube.pagesapi.PageApiTest" time="1.641"/>
  <testcase name="healthTest()" classname="org.dell.kube.pagesapi.PageApiTest" time="0.158"/>
  <system-out><![CDATA[13:38:13.513 [Test worker] DEBUG org.springframework.test.context.BootstrapUtils - Instantiating CacheAwareContextLoaderDelegate from class [org.springframework.test.context.cache.DefaultCacheAwareContextLoaderDelegate]
13:38:13.543 [Test worker] DEBUG org.springframework.test.context.BootstrapUtils - Instantiating BootstrapContext using constructor [public org.springframework.test.context.support.DefaultBootstrapContext(java.lang.Class,org.springframework.test.context.CacheAwareContextLoaderDelegate)]
13:38:13.630 [Test worker] DEBUG org.springframework.test.context.BootstrapUtils - Instantiating TestContextBootstrapper for test class [org.dell.kube.pagesapi.PageApiTest] from class [org.springframework.boot.test.context.SpringBootTestContextBootstrapper]
13:38:13.672 [Test worker] INFO org.springframework.boot.test.context.SpringBootTestContextBootstrapper - Neither @ContextConfiguration nor @ContextHierarchy found for test class [org.dell.kube.pagesapi.PageApiTest], using SpringBootContextLoader
13:38:13.684 [Test worker] DEBUG org.springframework.test.context.support.AbstractContextLoader - Did not detect default resource location for test class [org.dell.kube.pagesapi.PageApiTest]: class path resource [org/dell/kube/pagesapi/PageApiTest-context.xml] does not exist
13:38:13.687 [Test worker] DEBUG org.springframework.test.context.support.AbstractContextLoader - Did not detect default resource location for test class [org.dell.kube.pagesapi.PageApiTest]: class path resource [org/dell/kube/pagesapi/PageApiTestContext.groovy] does not exist
13:38:13.688 [Test worker] INFO org.springframework.test.context.support.AbstractContextLoader - Could not detect default resource locations for test class [org.dell.kube.pagesapi.PageApiTest]: no resource found for suffixes {-context.xml, Context.groovy}.
13:38:13.811 [Test worker] DEBUG org.springframework.test.context.support.ActiveProfilesUtils - Could not find an 'annotation declaring class' for annotation type [org.springframework.test.context.ActiveProfiles] and class [org.dell.kube.pagesapi.PageApiTest]
13:38:14.166 [Test worker] DEBUG org.springframework.boot.test.context.SpringBootTestContextBootstrapper - @TestExecutionListeners is not present for class [org.dell.kube.pagesapi.PageApiTest]: using defaults.
13:38:14.167 [Test worker] INFO org.springframework.boot.test.context.SpringBootTestContextBootstrapper - Loaded default TestExecutionListener class names from location [META-INF/spring.factories]: [org.springframework.boot.test.autoconfigure.restdocs.RestDocsTestExecutionListener, org.springframework.boot.test.autoconfigure.web.client.MockRestServiceServerResetTestExecutionListener, org.springframework.boot.test.autoconfigure.web.servlet.MockMvcPrintOnlyOnFailureTestExecutionListener, org.springframework.boot.test.autoconfigure.web.servlet.WebDriverTestExecutionListener, org.springframework.boot.test.autoconfigure.webservices.client.MockWebServiceServerTestExecutionListener, org.springframework.boot.test.mock.mockito.MockitoTestExecutionListener, org.springframework.boot.test.mock.mockito.ResetMocksTestExecutionListener, org.springframework.test.context.web.ServletTestExecutionListener, org.springframework.test.context.support.DirtiesContextBeforeModesTestExecutionListener, org.springframework.test.context.support.DependencyInjectionTestExecutionListener, org.springframework.test.context.support.DirtiesContextTestExecutionListener, org.springframework.test.context.transaction.TransactionalTestExecutionListener, org.springframework.test.context.jdbc.SqlScriptsTestExecutionListener, org.springframework.test.context.event.EventPublishingTestExecutionListener]
13:38:14.219 [Test worker] DEBUG org.springframework.boot.test.context.SpringBootTestContextBootstrapper - Skipping candidate TestExecutionListener [org.springframework.test.context.transaction.TransactionalTestExecutionListener] due to a missing dependency. Specify custom listener classes or make the default listener classes and their required dependencies available. Offending class: [org/springframework/transaction/interceptor/TransactionAttributeSource]
13:38:14.221 [Test worker] DEBUG org.springframework.boot.test.context.SpringBootTestContextBootstrapper - Skipping candidate TestExecutionListener [org.springframework.test.context.jdbc.SqlScriptsTestExecutionListener] due to a missing dependency. Specify custom listener classes or make the default listener classes and their required dependencies available. Offending class: [org/springframework/transaction/interceptor/TransactionAttribute]
13:38:14.222 [Test worker] INFO org.springframework.boot.test.context.SpringBootTestContextBootstrapper - Using TestExecutionListeners: [org.springframework.test.context.web.ServletTestExecutionListener@a2b4746, org.springframework.test.context.support.DirtiesContextBeforeModesTestExecutionListener@1d20500e, org.springframework.boot.test.mock.mockito.MockitoTestExecutionListener@6b0606e8, org.springframework.boot.test.autoconfigure.SpringBootDependencyInjectionTestExecutionListener@36038988, org.springframework.test.context.support.DirtiesContextTestExecutionListener@66c2f979, org.springframework.test.context.event.EventPublishingTestExecutionListener@797d758f, org.springframework.boot.test.autoconfigure.restdocs.RestDocsTestExecutionListener@22170d0e, org.springframework.boot.test.autoconfigure.web.client.MockRestServiceServerResetTestExecutionListener@8f28f0d, org.springframework.boot.test.autoconfigure.web.servlet.MockMvcPrintOnlyOnFailureTestExecutionListener@798aa65b, org.springframework.boot.test.autoconfigure.web.servlet.WebDriverTestExecutionListener@6bc965e8, org.springframework.boot.test.autoconfigure.webservices.client.MockWebServiceServerTestExecutionListener@712c6ae2, org.springframework.boot.test.mock.mockito.ResetMocksTestExecutionListener@6dba192d]
13:38:14.231 [Test worker] DEBUG org.springframework.test.context.support.AbstractDirtiesContextTestExecutionListener - Before test class: context [DefaultTestContext@6a84f532 testClass = PageApiTest, testInstance = [null], testMethod = [null], testException = [null], mergedContextConfiguration = [WebMergedContextConfiguration@794c7a73 testClass = PageApiTest, locations = '{}', classes = '{class org.dell.kube.pages.PageApplication, class org.dell.kube.pages.PageApplication}', contextInitializerClasses = '[]', activeProfiles = '{}', propertySourceLocations = '{}', propertySourceProperties = '{org.springframework.boot.test.context.SpringBootTestContextBootstrapper=true, server.port=0}', contextCustomizers = set[org.springframework.boot.test.autoconfigure.properties.PropertyMappingContextCustomizer@0, org.springframework.boot.test.autoconfigure.web.servlet.WebDriverContextCustomizerFactory$Customizer@4503b7c4, org.springframework.boot.test.context.filter.ExcludeFilterContextCustomizer@4660e6f0, org.springframework.boot.test.json.DuplicateJsonObjectContextCustomizerFactory$DuplicateJsonObjectContextCustomizer@14a26b3f, org.springframework.boot.test.mock.mockito.MockitoContextCustomizer@0, org.springframework.boot.test.web.client.TestRestTemplateContextCustomizer@38aebd5c, org.springframework.boot.test.context.SpringBootTestArgs@1], resourceBasePath = 'src/main/webapp', contextLoader = 'org.springframework.boot.test.context.SpringBootContextLoader', parent = [null]], attributes = map['org.springframework.test.context.web.ServletTestExecutionListener.activateListener' -> false]], class annotated with @DirtiesContext [false] with mode [null].
13:38:14.248 [Test worker] DEBUG org.springframework.test.context.support.DependencyInjectionTestExecutionListener - Performing dependency injection for test context [[DefaultTestContext@6a84f532 testClass = PageApiTest, testInstance = org.dell.kube.pagesapi.PageApiTest@45e3e52, testMethod = [null], testException = [null], mergedContextConfiguration = [WebMergedContextConfiguration@794c7a73 testClass = PageApiTest, locations = '{}', classes = '{class org.dell.kube.pages.PageApplication, class org.dell.kube.pages.PageApplication}', contextInitializerClasses = '[]', activeProfiles = '{}', propertySourceLocations = '{}', propertySourceProperties = '{org.springframework.boot.test.context.SpringBootTestContextBootstrapper=true, server.port=0}', contextCustomizers = set[org.springframework.boot.test.autoconfigure.properties.PropertyMappingContextCustomizer@0, org.springframework.boot.test.autoconfigure.web.servlet.WebDriverContextCustomizerFactory$Customizer@4503b7c4, org.springframework.boot.test.context.filter.ExcludeFilterContextCustomizer@4660e6f0, org.springframework.boot.test.json.DuplicateJsonObjectContextCustomizerFactory$DuplicateJsonObjectContextCustomizer@14a26b3f, org.springframework.boot.test.mock.mockito.MockitoContextCustomizer@0, org.springframework.boot.test.web.client.TestRestTemplateContextCustomizer@38aebd5c, org.springframework.boot.test.context.SpringBootTestArgs@1], resourceBasePath = 'src/main/webapp', contextLoader = 'org.springframework.boot.test.context.SpringBootContextLoader', parent = [null]], attributes = map['org.springframework.test.context.web.ServletTestExecutionListener.activateListener' -> false]]].
13:38:14.319 [Test worker] DEBUG org.springframework.test.context.support.TestPropertySourceUtils - Adding inlined properties to environment: {spring.jmx.enabled=false, org.springframework.boot.test.context.SpringBootTestContextBootstrapper=true, server.port=0}

  .   ____          _            __ _ _
 /\\ / ___'_ __ _ _(_)_ __  __ _ \ \ \ \
( ( )\___ | '_ | '_| | '_ \/ _` | \ \ \ \
 \\/  ___)| |_)| | | | | || (_| |  ) ) ) )
  '  |____| .__|_| |_|_| |_\__, | / / / /
 =========|_|==============|___/=/_/_/_/
 :: Spring Boot ::        (v2.3.0.RELEASE)

2020-06-03 13:38:15.641  INFO 18220 --- [    Test worker] org.dell.kube.pagesapi.PageApiTest       : Starting PageApiTest on INMKRANGAS1L2C with PID 18220 (started by rangas12 in C:\D\Kubernetes Prep\Kubernetes Workshop\Pages with config\pages)
2020-06-03 13:38:15.649  INFO 18220 --- [    Test worker] org.dell.kube.pagesapi.PageApiTest       : No active profile set, falling back to default profiles: default
2020-06-03 13:38:21.712  INFO 18220 --- [    Test worker] o.s.b.w.embedded.tomcat.TomcatWebServer  : Tomcat initialized with port(s): 0 (http)
2020-06-03 13:38:21.765  INFO 18220 --- [    Test worker] o.apache.catalina.core.StandardService   : Starting service [Tomcat]
2020-06-03 13:38:21.766  INFO 18220 --- [    Test worker] org.apache.catalina.core.StandardEngine  : Starting Servlet engine: [Apache Tomcat/9.0.35]
2020-06-03 13:38:22.305  INFO 18220 --- [    Test worker] o.a.c.c.C.[Tomcat].[localhost].[/]       : Initializing Spring embedded WebApplicationContext
2020-06-03 13:38:22.306  INFO 18220 --- [    Test worker] o.s.web.context.ContextLoader            : Root WebApplicationContext: initialization completed in 6591 ms
2020-06-03 13:38:24.073  INFO 18220 --- [    Test worker] o.s.s.concurrent.ThreadPoolTaskExecutor  : Initializing ExecutorService 'applicationTaskExecutor'
2020-06-03 13:38:25.922  INFO 18220 --- [    Test worker] o.s.b.a.e.web.EndpointLinksResolver      : Exposing 2 endpoint(s) beneath base path '/actuator'
2020-06-03 13:38:26.264  INFO 18220 --- [    Test worker] o.s.b.w.embedded.tomcat.TomcatWebServer  : Tomcat started on port(s): 63584 (http) with context path ''
2020-06-03 13:38:26.301  INFO 18220 --- [    Test worker] org.dell.kube.pagesapi.PageApiTest       : Started PageApiTest in 11.975 seconds (JVM running for 16.427)
2020-06-03 13:38:27.878  INFO 18220 --- [o-auto-1-exec-1] o.a.c.c.C.[Tomcat].[localhost].[/]       : Initializing Spring DispatcherServlet 'dispatcherServlet'
2020-06-03 13:38:27.879  INFO 18220 --- [o-auto-1-exec-1] o.s.web.servlet.DispatcherServlet        : Initializing Servlet 'dispatcherServlet'
2020-06-03 13:38:27.940  INFO 18220 --- [o-auto-1-exec-1] o.s.web.servlet.DispatcherServlet        : Completed initialization in 61 ms
]]></system-out>
  <system-err><![CDATA[]]></system-err>
</testsuite>
