<?xml version="1.0" encoding="UTF-8"?>
<testsuite name="org.dell.kube.pagesapi.PageApiTest" tests="2" skipped="0" failures="0" errors="0" timestamp="2020-06-09T05:54:45" hostname="INMKJAGADDL2C" time="2.275">
  <properties/>
  <testcase name="readTest()" classname="org.dell.kube.pagesapi.PageApiTest" time="2.064"/>
  <testcase name="healthTest()" classname="org.dell.kube.pagesapi.PageApiTest" time="0.209"/>
  <system-out><![CDATA[11:24:30.053 [Test worker] DEBUG org.springframework.test.context.BootstrapUtils - Instantiating CacheAwareContextLoaderDelegate from class [org.springframework.test.context.cache.DefaultCacheAwareContextLoaderDelegate]
11:24:30.094 [Test worker] DEBUG org.springframework.test.context.BootstrapUtils - Instantiating BootstrapContext using constructor [public org.springframework.test.context.support.DefaultBootstrapContext(java.lang.Class,org.springframework.test.context.CacheAwareContextLoaderDelegate)]
11:24:30.178 [Test worker] DEBUG org.springframework.test.context.BootstrapUtils - Instantiating TestContextBootstrapper for test class [org.dell.kube.pagesapi.PageApiTest] from class [org.springframework.boot.test.context.SpringBootTestContextBootstrapper]
11:24:30.235 [Test worker] INFO org.springframework.boot.test.context.SpringBootTestContextBootstrapper - Neither @ContextConfiguration nor @ContextHierarchy found for test class [org.dell.kube.pagesapi.PageApiTest], using SpringBootContextLoader
11:24:30.245 [Test worker] DEBUG org.springframework.test.context.support.AbstractContextLoader - Did not detect default resource location for test class [org.dell.kube.pagesapi.PageApiTest]: class path resource [org/dell/kube/pagesapi/PageApiTest-context.xml] does not exist
11:24:30.257 [Test worker] DEBUG org.springframework.test.context.support.AbstractContextLoader - Did not detect default resource location for test class [org.dell.kube.pagesapi.PageApiTest]: class path resource [org/dell/kube/pagesapi/PageApiTestContext.groovy] does not exist
11:24:30.259 [Test worker] INFO org.springframework.test.context.support.AbstractContextLoader - Could not detect default resource locations for test class [org.dell.kube.pagesapi.PageApiTest]: no resource found for suffixes {-context.xml, Context.groovy}.
11:24:30.388 [Test worker] DEBUG org.springframework.test.context.support.ActiveProfilesUtils - Could not find an 'annotation declaring class' for annotation type [org.springframework.test.context.ActiveProfiles] and class [org.dell.kube.pagesapi.PageApiTest]
11:24:30.752 [Test worker] DEBUG org.springframework.boot.test.context.SpringBootTestContextBootstrapper - @TestExecutionListeners is not present for class [org.dell.kube.pagesapi.PageApiTest]: using defaults.
11:24:30.754 [Test worker] INFO org.springframework.boot.test.context.SpringBootTestContextBootstrapper - Loaded default TestExecutionListener class names from location [META-INF/spring.factories]: [org.springframework.boot.test.autoconfigure.restdocs.RestDocsTestExecutionListener, org.springframework.boot.test.autoconfigure.web.client.MockRestServiceServerResetTestExecutionListener, org.springframework.boot.test.autoconfigure.web.servlet.MockMvcPrintOnlyOnFailureTestExecutionListener, org.springframework.boot.test.autoconfigure.web.servlet.WebDriverTestExecutionListener, org.springframework.boot.test.autoconfigure.webservices.client.MockWebServiceServerTestExecutionListener, org.springframework.boot.test.mock.mockito.MockitoTestExecutionListener, org.springframework.boot.test.mock.mockito.ResetMocksTestExecutionListener, org.springframework.test.context.web.ServletTestExecutionListener, org.springframework.test.context.support.DirtiesContextBeforeModesTestExecutionListener, org.springframework.test.context.support.DependencyInjectionTestExecutionListener, org.springframework.test.context.support.DirtiesContextTestExecutionListener, org.springframework.test.context.transaction.TransactionalTestExecutionListener, org.springframework.test.context.jdbc.SqlScriptsTestExecutionListener, org.springframework.test.context.event.EventPublishingTestExecutionListener]
11:24:30.793 [Test worker] DEBUG org.springframework.boot.test.context.SpringBootTestContextBootstrapper - Skipping candidate TestExecutionListener [org.springframework.test.context.transaction.TransactionalTestExecutionListener] due to a missing dependency. Specify custom listener classes or make the default listener classes and their required dependencies available. Offending class: [org/springframework/transaction/interceptor/TransactionAttributeSource]
11:24:30.795 [Test worker] DEBUG org.springframework.boot.test.context.SpringBootTestContextBootstrapper - Skipping candidate TestExecutionListener [org.springframework.test.context.jdbc.SqlScriptsTestExecutionListener] due to a missing dependency. Specify custom listener classes or make the default listener classes and their required dependencies available. Offending class: [org/springframework/transaction/interceptor/TransactionAttribute]
11:24:30.796 [Test worker] INFO org.springframework.boot.test.context.SpringBootTestContextBootstrapper - Using TestExecutionListeners: [org.springframework.test.context.web.ServletTestExecutionListener@10f8b3d, org.springframework.test.context.support.DirtiesContextBeforeModesTestExecutionListener@1a08a4a, org.springframework.boot.test.mock.mockito.MockitoTestExecutionListener@6afbe60b, org.springframework.boot.test.autoconfigure.SpringBootDependencyInjectionTestExecutionListener@6516aa37, org.springframework.test.context.support.DirtiesContextTestExecutionListener@183d93cb, org.springframework.test.context.event.EventPublishingTestExecutionListener@1d4ab85c, org.springframework.boot.test.autoconfigure.restdocs.RestDocsTestExecutionListener@28b4de40, org.springframework.boot.test.autoconfigure.web.client.MockRestServiceServerResetTestExecutionListener@78239e73, org.springframework.boot.test.autoconfigure.web.servlet.MockMvcPrintOnlyOnFailureTestExecutionListener@c74f977, org.springframework.boot.test.autoconfigure.web.servlet.WebDriverTestExecutionListener@443438fd, org.springframework.boot.test.autoconfigure.webservices.client.MockWebServiceServerTestExecutionListener@4a7ca8e5, org.springframework.boot.test.mock.mockito.ResetMocksTestExecutionListener@2ec877df]
11:24:30.809 [Test worker] DEBUG org.springframework.test.context.support.AbstractDirtiesContextTestExecutionListener - Before test class: context [DefaultTestContext@58a0bb0e testClass = PageApiTest, testInstance = [null], testMethod = [null], testException = [null], mergedContextConfiguration = [WebMergedContextConfiguration@656275de testClass = PageApiTest, locations = '{}', classes = '{class org.dell.kube.pages.PageApplication, class org.dell.kube.pages.PageApplication}', contextInitializerClasses = '[]', activeProfiles = '{}', propertySourceLocations = '{}', propertySourceProperties = '{org.springframework.boot.test.context.SpringBootTestContextBootstrapper=true, server.port=0}', contextCustomizers = set[org.springframework.boot.test.autoconfigure.properties.PropertyMappingContextCustomizer@0, org.springframework.boot.test.autoconfigure.web.servlet.WebDriverContextCustomizerFactory$Customizer@1b67b5f0, org.springframework.boot.test.context.filter.ExcludeFilterContextCustomizer@36faa6ce, org.springframework.boot.test.json.DuplicateJsonObjectContextCustomizerFactory$DuplicateJsonObjectContextCustomizer@882bd60, org.springframework.boot.test.mock.mockito.MockitoContextCustomizer@0, org.springframework.boot.test.web.client.TestRestTemplateContextCustomizer@81ad9a, org.springframework.boot.test.context.SpringBootTestArgs@1], resourceBasePath = 'src/main/webapp', contextLoader = 'org.springframework.boot.test.context.SpringBootContextLoader', parent = [null]], attributes = map['org.springframework.test.context.web.ServletTestExecutionListener.activateListener' -> false]], class annotated with @DirtiesContext [false] with mode [null].
11:24:30.821 [Test worker] DEBUG org.springframework.test.context.support.DependencyInjectionTestExecutionListener - Performing dependency injection for test context [[DefaultTestContext@58a0bb0e testClass = PageApiTest, testInstance = org.dell.kube.pagesapi.PageApiTest@25a0529d, testMethod = [null], testException = [null], mergedContextConfiguration = [WebMergedContextConfiguration@656275de testClass = PageApiTest, locations = '{}', classes = '{class org.dell.kube.pages.PageApplication, class org.dell.kube.pages.PageApplication}', contextInitializerClasses = '[]', activeProfiles = '{}', propertySourceLocations = '{}', propertySourceProperties = '{org.springframework.boot.test.context.SpringBootTestContextBootstrapper=true, server.port=0}', contextCustomizers = set[org.springframework.boot.test.autoconfigure.properties.PropertyMappingContextCustomizer@0, org.springframework.boot.test.autoconfigure.web.servlet.WebDriverContextCustomizerFactory$Customizer@1b67b5f0, org.springframework.boot.test.context.filter.ExcludeFilterContextCustomizer@36faa6ce, org.springframework.boot.test.json.DuplicateJsonObjectContextCustomizerFactory$DuplicateJsonObjectContextCustomizer@882bd60, org.springframework.boot.test.mock.mockito.MockitoContextCustomizer@0, org.springframework.boot.test.web.client.TestRestTemplateContextCustomizer@81ad9a, org.springframework.boot.test.context.SpringBootTestArgs@1], resourceBasePath = 'src/main/webapp', contextLoader = 'org.springframework.boot.test.context.SpringBootContextLoader', parent = [null]], attributes = map['org.springframework.test.context.web.ServletTestExecutionListener.activateListener' -> false]]].
11:24:30.885 [Test worker] DEBUG org.springframework.test.context.support.TestPropertySourceUtils - Adding inlined properties to environment: {spring.jmx.enabled=false, org.springframework.boot.test.context.SpringBootTestContextBootstrapper=true, server.port=0}

  .   ____          _            __ _ _
 /\\ / ___'_ __ _ _(_)_ __  __ _ \ \ \ \
( ( )\___ | '_ | '_| | '_ \/ _` | \ \ \ \
 \\/  ___)| |_)| | | | | || (_| |  ) ) ) )
  '  |____| .__|_| |_|_| |_\__, | / / / /
 =========|_|==============|___/=/_/_/_/
 :: Spring Boot ::        (v2.3.0.RELEASE)

2020-06-09 11:24:32.460  INFO 24440 --- [    Test worker] org.dell.kube.pagesapi.PageApiTest       : Starting PageApiTest on INMKJAGADDL2C with PID 24440 (started by jagadd in C:\WorkSpace\Kates\workshop\pages-workspace\pages)
2020-06-09 11:24:32.465  INFO 24440 --- [    Test worker] org.dell.kube.pagesapi.PageApiTest       : No active profile set, falling back to default profiles: default
2020-06-09 11:24:38.456  INFO 24440 --- [    Test worker] o.s.b.w.embedded.tomcat.TomcatWebServer  : Tomcat initialized with port(s): 0 (http)
2020-06-09 11:24:38.484  INFO 24440 --- [    Test worker] o.apache.catalina.core.StandardService   : Starting service [Tomcat]
2020-06-09 11:24:38.485  INFO 24440 --- [    Test worker] org.apache.catalina.core.StandardEngine  : Starting Servlet engine: [Apache Tomcat/9.0.35]
2020-06-09 11:24:39.106  INFO 24440 --- [    Test worker] o.a.c.c.C.[Tomcat].[localhost].[/]       : Initializing Spring embedded WebApplicationContext
2020-06-09 11:24:39.107  INFO 24440 --- [    Test worker] o.s.web.context.ContextLoader            : Root WebApplicationContext: initialization completed in 6548 ms
2020-06-09 11:24:41.228  INFO 24440 --- [    Test worker] o.s.s.concurrent.ThreadPoolTaskExecutor  : Initializing ExecutorService 'applicationTaskExecutor'
2020-06-09 11:24:44.165  INFO 24440 --- [    Test worker] o.s.b.a.e.web.EndpointLinksResolver      : Exposing 2 endpoint(s) beneath base path '/actuator'
2020-06-09 11:24:44.794  INFO 24440 --- [    Test worker] o.s.b.w.embedded.tomcat.TomcatWebServer  : Tomcat started on port(s): 55978 (http) with context path ''
2020-06-09 11:24:44.917  INFO 24440 --- [    Test worker] org.dell.kube.pagesapi.PageApiTest       : Started PageApiTest in 14.018 seconds (JVM running for 18.179)
2020-06-09 11:24:46.943  INFO 24440 --- [o-auto-1-exec-1] o.a.c.c.C.[Tomcat].[localhost].[/]       : Initializing Spring DispatcherServlet 'dispatcherServlet'
2020-06-09 11:24:46.945  INFO 24440 --- [o-auto-1-exec-1] o.s.web.servlet.DispatcherServlet        : Initializing Servlet 'dispatcherServlet'
2020-06-09 11:24:47.009  INFO 24440 --- [o-auto-1-exec-1] o.s.web.servlet.DispatcherServlet        : Completed initialization in 64 ms
]]></system-out>
  <system-err><![CDATA[]]></system-err>
</testsuite>
