<?xml version="1.0" encoding="UTF-8"?>
<testsuite name="org.dell.kube.pages.HomeControllerTest" tests="1" skipped="0" failures="0" errors="0" timestamp="2020-06-15T12:01:46" hostname="INMKJAGADDL2C" time="0.294">
  <properties/>
  <testcase name="itSaysYellowPagesHello()" classname="org.dell.kube.pages.HomeControllerTest" time="0.294"/>
  <system-out><![CDATA[]]></system-out>
  <system-err><![CDATA[]]></system-err>
</testsuite>
