<?xml version="1.0" encoding="UTF-8"?>
<testsuite name="org.dell.kube.pagesapi.PageApiTest" tests="2" skipped="0" failures="0" errors="0" timestamp="2020-06-15T09:06:53" hostname="INMKJAGADDL2C" time="0.903">
  <properties/>
  <testcase name="readTest()" classname="org.dell.kube.pagesapi.PageApiTest" time="0.71"/>
  <testcase name="healthTest()" classname="org.dell.kube.pagesapi.PageApiTest" time="0.19"/>
  <system-out><![CDATA[14:36:34.975 [Test worker] DEBUG org.springframework.test.context.BootstrapUtils - Instantiating CacheAwareContextLoaderDelegate from class [org.springframework.test.context.cache.DefaultCacheAwareContextLoaderDelegate]
14:36:35.020 [Test worker] DEBUG org.springframework.test.context.BootstrapUtils - Instantiating BootstrapContext using constructor [public org.springframework.test.context.support.DefaultBootstrapContext(java.lang.Class,org.springframework.test.context.CacheAwareContextLoaderDelegate)]
14:36:35.089 [Test worker] DEBUG org.springframework.test.context.BootstrapUtils - Instantiating TestContextBootstrapper for test class [org.dell.kube.pagesapi.PageApiTest] from class [org.springframework.boot.test.context.SpringBootTestContextBootstrapper]
14:36:35.134 [Test worker] INFO org.springframework.boot.test.context.SpringBootTestContextBootstrapper - Neither @ContextConfiguration nor @ContextHierarchy found for test class [org.dell.kube.pagesapi.PageApiTest], using SpringBootContextLoader
14:36:35.143 [Test worker] DEBUG org.springframework.test.context.support.AbstractContextLoader - Did not detect default resource location for test class [org.dell.kube.pagesapi.PageApiTest]: class path resource [org/dell/kube/pagesapi/PageApiTest-context.xml] does not exist
14:36:35.146 [Test worker] DEBUG org.springframework.test.context.support.AbstractContextLoader - Did not detect default resource location for test class [org.dell.kube.pagesapi.PageApiTest]: class path resource [org/dell/kube/pagesapi/PageApiTestContext.groovy] does not exist
14:36:35.147 [Test worker] INFO org.springframework.test.context.support.AbstractContextLoader - Could not detect default resource locations for test class [org.dell.kube.pagesapi.PageApiTest]: no resource found for suffixes {-context.xml, Context.groovy}.
14:36:35.270 [Test worker] DEBUG org.springframework.test.context.support.ActiveProfilesUtils - Could not find an 'annotation declaring class' for annotation type [org.springframework.test.context.ActiveProfiles] and class [org.dell.kube.pagesapi.PageApiTest]
14:36:35.491 [Test worker] DEBUG org.springframework.boot.test.context.SpringBootTestContextBootstrapper - @TestExecutionListeners is not present for class [org.dell.kube.pagesapi.PageApiTest]: using defaults.
14:36:35.492 [Test worker] INFO org.springframework.boot.test.context.SpringBootTestContextBootstrapper - Loaded default TestExecutionListener class names from location [META-INF/spring.factories]: [org.springframework.boot.test.autoconfigure.restdocs.RestDocsTestExecutionListener, org.springframework.boot.test.autoconfigure.web.client.MockRestServiceServerResetTestExecutionListener, org.springframework.boot.test.autoconfigure.web.servlet.MockMvcPrintOnlyOnFailureTestExecutionListener, org.springframework.boot.test.autoconfigure.web.servlet.WebDriverTestExecutionListener, org.springframework.boot.test.autoconfigure.webservices.client.MockWebServiceServerTestExecutionListener, org.springframework.boot.test.mock.mockito.MockitoTestExecutionListener, org.springframework.boot.test.mock.mockito.ResetMocksTestExecutionListener, org.springframework.test.context.web.ServletTestExecutionListener, org.springframework.test.context.support.DirtiesContextBeforeModesTestExecutionListener, org.springframework.test.context.support.DependencyInjectionTestExecutionListener, org.springframework.test.context.support.DirtiesContextTestExecutionListener, org.springframework.test.context.transaction.TransactionalTestExecutionListener, org.springframework.test.context.jdbc.SqlScriptsTestExecutionListener, org.springframework.test.context.event.EventPublishingTestExecutionListener]
14:36:35.525 [Test worker] INFO org.springframework.boot.test.context.SpringBootTestContextBootstrapper - Using TestExecutionListeners: [org.springframework.test.context.web.ServletTestExecutionListener@783792d4, org.springframework.test.context.support.DirtiesContextBeforeModesTestExecutionListener@44ee5155, org.springframework.boot.test.mock.mockito.MockitoTestExecutionListener@61044458, org.springframework.boot.test.autoconfigure.SpringBootDependencyInjectionTestExecutionListener@7e92d648, org.springframework.test.context.support.DirtiesContextTestExecutionListener@3af75a7c, org.springframework.test.context.transaction.TransactionalTestExecutionListener@ca5c08e, org.springframework.test.context.jdbc.SqlScriptsTestExecutionListener@4f4063c6, org.springframework.test.context.event.EventPublishingTestExecutionListener@2708ccf0, org.springframework.boot.test.autoconfigure.restdocs.RestDocsTestExecutionListener@27ac46d7, org.springframework.boot.test.autoconfigure.web.client.MockRestServiceServerResetTestExecutionListener@52f531c, org.springframework.boot.test.autoconfigure.web.servlet.MockMvcPrintOnlyOnFailureTestExecutionListener@49bd5e2c, org.springframework.boot.test.autoconfigure.web.servlet.WebDriverTestExecutionListener@283364a7, org.springframework.boot.test.autoconfigure.webservices.client.MockWebServiceServerTestExecutionListener@6dec0588, org.springframework.boot.test.mock.mockito.ResetMocksTestExecutionListener@12240c9a]
14:36:35.531 [Test worker] DEBUG org.springframework.test.context.support.AbstractDirtiesContextTestExecutionListener - Before test class: context [DefaultTestContext@1fb02c05 testClass = PageApiTest, testInstance = [null], testMethod = [null], testException = [null], mergedContextConfiguration = [WebMergedContextConfiguration@74fd5017 testClass = PageApiTest, locations = '{}', classes = '{class org.dell.kube.pages.PageApplication, class org.dell.kube.pages.PageApplication}', contextInitializerClasses = '[]', activeProfiles = '{}', propertySourceLocations = '{}', propertySourceProperties = '{org.springframework.boot.test.context.SpringBootTestContextBootstrapper=true, server.port=0}', contextCustomizers = set[org.springframework.boot.test.autoconfigure.properties.PropertyMappingContextCustomizer@0, org.springframework.boot.test.autoconfigure.web.servlet.WebDriverContextCustomizerFactory$Customizer@27143130, org.springframework.boot.test.context.filter.ExcludeFilterContextCustomizer@2f121ccc, org.springframework.boot.test.json.DuplicateJsonObjectContextCustomizerFactory$DuplicateJsonObjectContextCustomizer@531e12c2, org.springframework.boot.test.mock.mockito.MockitoContextCustomizer@0, org.springframework.boot.test.web.client.TestRestTemplateContextCustomizer@4e63c880, org.springframework.boot.test.context.SpringBootTestArgs@1], resourceBasePath = 'src/main/webapp', contextLoader = 'org.springframework.boot.test.context.SpringBootContextLoader', parent = [null]], attributes = map['org.springframework.test.context.web.ServletTestExecutionListener.activateListener' -> false]], class annotated with @DirtiesContext [false] with mode [null].
14:36:35.542 [Test worker] DEBUG org.springframework.test.context.support.DependencyInjectionTestExecutionListener - Performing dependency injection for test context [[DefaultTestContext@1fb02c05 testClass = PageApiTest, testInstance = org.dell.kube.pagesapi.PageApiTest@9123b7d, testMethod = [null], testException = [null], mergedContextConfiguration = [WebMergedContextConfiguration@74fd5017 testClass = PageApiTest, locations = '{}', classes = '{class org.dell.kube.pages.PageApplication, class org.dell.kube.pages.PageApplication}', contextInitializerClasses = '[]', activeProfiles = '{}', propertySourceLocations = '{}', propertySourceProperties = '{org.springframework.boot.test.context.SpringBootTestContextBootstrapper=true, server.port=0}', contextCustomizers = set[org.springframework.boot.test.autoconfigure.properties.PropertyMappingContextCustomizer@0, org.springframework.boot.test.autoconfigure.web.servlet.WebDriverContextCustomizerFactory$Customizer@27143130, org.springframework.boot.test.context.filter.ExcludeFilterContextCustomizer@2f121ccc, org.springframework.boot.test.json.DuplicateJsonObjectContextCustomizerFactory$DuplicateJsonObjectContextCustomizer@531e12c2, org.springframework.boot.test.mock.mockito.MockitoContextCustomizer@0, org.springframework.boot.test.web.client.TestRestTemplateContextCustomizer@4e63c880, org.springframework.boot.test.context.SpringBootTestArgs@1], resourceBasePath = 'src/main/webapp', contextLoader = 'org.springframework.boot.test.context.SpringBootContextLoader', parent = [null]], attributes = map['org.springframework.test.context.web.ServletTestExecutionListener.activateListener' -> false]]].
14:36:35.590 [Test worker] DEBUG org.springframework.test.context.support.TestPropertySourceUtils - Adding inlined properties to environment: {spring.jmx.enabled=false, org.springframework.boot.test.context.SpringBootTestContextBootstrapper=true, server.port=0}

  .   ____          _            __ _ _
 /\\ / ___'_ __ _ _(_)_ __  __ _ \ \ \ \
( ( )\___ | '_ | '_| | '_ \/ _` | \ \ \ \
 \\/  ___)| |_)| | | | | || (_| |  ) ) ) )
  '  |____| .__|_| |_|_| |_\__, | / / / /
 =========|_|==============|___/=/_/_/_/
 :: Spring Boot ::        (v2.3.0.RELEASE)

2020-06-15 14:36:36.759  INFO 1312 --- [    Test worker] org.dell.kube.pagesapi.PageApiTest       : Starting PageApiTest on INMKJAGADDL2C with PID 1312 (started by jagadd in C:\WorkSpace\Kates\workshop\pages-workspace\pages)
2020-06-15 14:36:36.761  INFO 1312 --- [    Test worker] org.dell.kube.pagesapi.PageApiTest       : No active profile set, falling back to default profiles: default
2020-06-15 14:36:38.699  INFO 1312 --- [    Test worker] .s.d.r.c.RepositoryConfigurationDelegate : Bootstrapping Spring Data JPA repositories in DEFAULT mode.
2020-06-15 14:36:38.803  INFO 1312 --- [    Test worker] .s.d.r.c.RepositoryConfigurationDelegate : Finished Spring Data repository scanning in 88ms. Found 1 JPA repository interfaces.
2020-06-15 14:36:42.866  INFO 1312 --- [    Test worker] o.s.b.w.embedded.tomcat.TomcatWebServer  : Tomcat initialized with port(s): 0 (http)
2020-06-15 14:36:42.914  INFO 1312 --- [    Test worker] o.apache.catalina.core.StandardService   : Starting service [Tomcat]
2020-06-15 14:36:42.915  INFO 1312 --- [    Test worker] org.apache.catalina.core.StandardEngine  : Starting Servlet engine: [Apache Tomcat/9.0.35]
2020-06-15 14:36:43.441  INFO 1312 --- [    Test worker] o.a.c.c.C.[Tomcat].[localhost].[/]       : Initializing Spring embedded WebApplicationContext
2020-06-15 14:36:43.442  INFO 1312 --- [    Test worker] o.s.web.context.ContextLoader            : Root WebApplicationContext: initialization completed in 6646 ms
2020-06-15 14:36:45.577  INFO 1312 --- [    Test worker] o.hibernate.jpa.internal.util.LogHelper  : HHH000204: Processing PersistenceUnitInfo [name: default]
2020-06-15 14:36:45.793  INFO 1312 --- [    Test worker] org.hibernate.Version                    : HHH000412: Hibernate ORM core version 5.4.15.Final
2020-06-15 14:36:46.471  INFO 1312 --- [    Test worker] o.hibernate.annotations.common.Version   : HCANN000001: Hibernate Commons Annotations {5.1.0.Final}
2020-06-15 14:36:46.818  INFO 1312 --- [    Test worker] com.zaxxer.hikari.HikariDataSource       : HikariPool-1 - Starting...
2020-06-15 14:36:47.166  INFO 1312 --- [    Test worker] com.zaxxer.hikari.HikariDataSource       : HikariPool-1 - Start completed.
2020-06-15 14:36:47.206  INFO 1312 --- [    Test worker] org.hibernate.dialect.Dialect            : HHH000400: Using dialect: org.hibernate.dialect.MySQL5Dialect
Hibernate: drop table if exists hibernate_sequence
Hibernate: drop table if exists pages
Hibernate: create table hibernate_sequence (next_val bigint) engine=MyISAM
Hibernate: insert into hibernate_sequence values ( 1 )
Hibernate: create table pages (id bigint not null, address varchar(255), business varchar(255), category_id bigint, contact_no varchar(255), content varchar(255), primary key (id)) engine=MyISAM
2020-06-15 14:36:48.548  INFO 1312 --- [    Test worker] o.h.e.t.j.p.i.JtaPlatformInitiator       : HHH000490: Using JtaPlatform implementation: [org.hibernate.engine.transaction.jta.platform.internal.NoJtaPlatform]
2020-06-15 14:36:48.567  INFO 1312 --- [    Test worker] j.LocalContainerEntityManagerFactoryBean : Initialized JPA EntityManagerFactory for persistence unit 'default'
2020-06-15 14:36:49.546  WARN 1312 --- [    Test worker] JpaBaseConfiguration$JpaWebConfiguration : spring.jpa.open-in-view is enabled by default. Therefore, database queries may be performed during view rendering. Explicitly configure spring.jpa.open-in-view to disable this warning
2020-06-15 14:36:50.487  INFO 1312 --- [    Test worker] o.s.s.concurrent.ThreadPoolTaskExecutor  : Initializing ExecutorService 'applicationTaskExecutor'
2020-06-15 14:36:52.637  INFO 1312 --- [    Test worker] o.s.b.a.e.web.EndpointLinksResolver      : Exposing 2 endpoint(s) beneath base path '/actuator'
2020-06-15 14:36:52.886  INFO 1312 --- [    Test worker] o.s.b.w.embedded.tomcat.TomcatWebServer  : Tomcat started on port(s): 52781 (http) with context path ''
2020-06-15 14:36:52.915  INFO 1312 --- [    Test worker] org.dell.kube.pagesapi.PageApiTest       : Started PageApiTest in 17.317 seconds (JVM running for 20.607)
2020-06-15 14:36:53.594  INFO 1312 --- [o-auto-1-exec-1] o.a.c.c.C.[Tomcat].[localhost].[/]       : Initializing Spring DispatcherServlet 'dispatcherServlet'
2020-06-15 14:36:53.595  INFO 1312 --- [o-auto-1-exec-1] o.s.web.servlet.DispatcherServlet        : Initializing Servlet 'dispatcherServlet'
2020-06-15 14:36:53.643  INFO 1312 --- [o-auto-1-exec-1] o.s.web.servlet.DispatcherServlet        : Completed initialization in 46 ms
]]></system-out>
  <system-err><![CDATA[]]></system-err>
</testsuite>
